2.3806 	WARNING 	We strongly recommend you activate the PTB sound engine in PsychoPy prefs as the preferred audio engine. Its timing is vastly superior. Your prefs are currently set to use ['sounddevice', 'PTB', 'pyo', 'pygame'] (in that order).
11.4146 	WARNING 	User requested fullscreen with size [1024  768], but screen is actually [1360, 768]. Using actual size
13.9474 	EXP 	Created window1 = Window(allowGUI=False, allowStencil=False, args=UNKNOWN, autoLog=True, bitsMode=UNKNOWN, blendMode='avg', bpc=(8, 8, 8), color=array([0., 0., 0.]), colorSpace='rgb', depthBits=8, fullscr=<method-wrapper '__getattribute__' of attributeSetter object at 0x000002AE1F8DEDA0>, gamma=None, gammaErrorPolicy='raise', kwargs=UNKNOWN, lms=UNKNOWN, monitor=<psychopy.monitors.calibTools.Monitor object at 0x000002AE1F6EDA90>, multiSample=False, name='window1', numSamples=2, pos=[0.0, 0.0], screen=0, size=array([1360,  768]), stencilBits=0, stereo=False, units='height', useFBO=True, useRetina=False, viewOri=0.0, viewPos=None, viewScale=None, waitBlanking=True, winType='pyglet')
13.9475 	EXP 	window1: recordFrameIntervals = False
14.1124 	EXP 	window1: recordFrameIntervals = True
14.2964 	EXP 	window1: recordFrameIntervals = False
15.1263 	EXP 	Created instr1 = TextStim(__class__=<class 'psychopy.visual.text.TextStim'>, alignHoriz=method-wrapper(...), alignText='center', alignVert=method-wrapper(...), anchorHoriz='center', anchorVert='center', antialias=True, autoLog=True, bold=False, color='white', colorSpace='named', contrast=1.0, depth=0.0, flipHoriz=False, flipVert=False, font='Arial', fontFiles=[], height=0.05, italic=False, languageStyle='LTR', name='instr1', opacity=1.0, ori=0, pos=array([0.  , 0.15]), rgb=array([255., 255., 255.]), text=str(...), units='height', win=Window(...), wrapWidth=1)
15.1469 	EXP 	Created l1ex = ImageStim(__class__=<class 'psychopy.visual.image.ImageStim'>, autoLog=True, color=array([1., 1., 1.]), colorSpace='rgb', contrast=1.0, depth=-2.0, flipHoriz=False, flipVert=False, image='L1.png', interpolate=True, mask=None, maskParams=None, name='l1ex', opacity=1.0, ori=0.0, pos=array([-0.3 , -0.15]), size=array([0.1, 0.1]), texRes=128, units='height', win=Window(...))
15.1579 	EXP 	Created l2ex = ImageStim(__class__=<class 'psychopy.visual.image.ImageStim'>, autoLog=True, color=array([1., 1., 1.]), colorSpace='rgb', contrast=1.0, depth=-3.0, flipHoriz=False, flipVert=False, image='L2.png', interpolate=True, mask=None, maskParams=None, name='l2ex', opacity=1.0, ori=0.0, pos=array([-0.1 , -0.15]), size=array([0.1, 0.1]), texRes=128, units='height', win=Window(...))
15.1702 	EXP 	Created t1ex = ImageStim(__class__=<class 'psychopy.visual.image.ImageStim'>, autoLog=True, color=array([1., 1., 1.]), colorSpace='rgb', contrast=1.0, depth=-4.0, flipHoriz=False, flipVert=False, image='T1.png', interpolate=True, mask=None, maskParams=None, name='t1ex', opacity=1.0, ori=0.0, pos=array([ 0.1 , -0.15]), size=array([0.1, 0.1]), texRes=128, units='height', win=Window(...))
15.1825 	EXP 	Created tTex = ImageStim(__class__=<class 'psychopy.visual.image.ImageStim'>, autoLog=True, color=array([1., 1., 1.]), colorSpace='rgb', contrast=1.0, depth=-5.0, flipHoriz=False, flipVert=False, image='TT.png', interpolate=True, mask=None, maskParams=None, name='tTex', opacity=1.0, ori=0.0, pos=array([ 0.3 , -0.15]), size=array([0.1, 0.1]), texRes=128, units='height', win=Window(...))
15.1888 	EXP 	Created trialFix = TextStim(__class__=<class 'psychopy.visual.text.TextStim'>, alignHoriz=method-wrapper(...), alignText='center', alignVert=method-wrapper(...), anchorHoriz='center', anchorVert='center', antialias=True, autoLog=True, bold=False, color='white', colorSpace='named', contrast=1.0, depth=0.0, flipHoriz=False, flipVert=False, font='Arial', fontFiles=[], height=0.05, italic=False, languageStyle='LTR', name='trialFix', opacity=1.0, ori=0, pos=array([0., 0.]), rgb=array([255., 255., 255.]), text='+', units='height', win=Window(...), wrapWidth=1)
15.1973 	EXP 	Created trialL11 = ImageStim(__class__=<class 'psychopy.visual.image.ImageStim'>, autoLog=True, color=array([1., 1., 1.]), colorSpace='rgb', contrast=1.0, depth=-1.0, flipHoriz=False, flipVert=False, image='L1.png', interpolate=True, mask=None, maskParams=None, name='trialL11', opacity=1.0, ori=0.0, pos=array([0., 0.]), size=array([0.1, 0.1]), texRes=128, units='height', win=Window(...))
15.2057 	EXP 	Created trialL12 = ImageStim(__class__=<class 'psychopy.visual.image.ImageStim'>, autoLog=True, color=array([1., 1., 1.]), colorSpace='rgb', contrast=1.0, depth=-2.0, flipHoriz=False, flipVert=False, image='L1.png', interpolate=True, mask=None, maskParams=None, name='trialL12', opacity=1.0, ori=0.0, pos=array([0., 0.]), size=array([0.1, 0.1]), texRes=128, units='height', win=Window(...))
15.2142 	EXP 	Created trialL21 = ImageStim(__class__=<class 'psychopy.visual.image.ImageStim'>, autoLog=True, color=array([1., 1., 1.]), colorSpace='rgb', contrast=1.0, depth=-3.0, flipHoriz=False, flipVert=False, image='L2.png', interpolate=True, mask=None, maskParams=None, name='trialL21', opacity=1.0, ori=0.0, pos=array([0., 0.]), size=array([0.1, 0.1]), texRes=128, units='height', win=Window(...))
15.2224 	EXP 	Created trialL22 = ImageStim(__class__=<class 'psychopy.visual.image.ImageStim'>, autoLog=True, color=array([1., 1., 1.]), colorSpace='rgb', contrast=1.0, depth=-4.0, flipHoriz=False, flipVert=False, image='L2.png', interpolate=True, mask=None, maskParams=None, name='trialL22', opacity=1.0, ori=0.0, pos=array([0., 0.]), size=array([0.1, 0.1]), texRes=128, units='height', win=Window(...))
15.2324 	EXP 	Created trialT11 = ImageStim(__class__=<class 'psychopy.visual.image.ImageStim'>, autoLog=True, color=array([1., 1., 1.]), colorSpace='rgb', contrast=1.0, depth=-5.0, flipHoriz=False, flipVert=False, image='T1.png', interpolate=True, mask=None, maskParams=None, name='trialT11', opacity=1.0, ori=0.0, pos=array([0., 0.]), size=array([0.1, 0.1]), texRes=128, units='height', win=Window(...))
15.2423 	EXP 	Created trialT12 = ImageStim(__class__=<class 'psychopy.visual.image.ImageStim'>, autoLog=True, color=array([1., 1., 1.]), colorSpace='rgb', contrast=1.0, depth=-6.0, flipHoriz=False, flipVert=False, image='T1.png', interpolate=True, mask=None, maskParams=None, name='trialT12', opacity=1.0, ori=0.0, pos=array([0., 0.]), size=array([0.1, 0.1]), texRes=128, units='height', win=Window(...))
15.2506 	EXP 	Created trialL13 = ImageStim(__class__=<class 'psychopy.visual.image.ImageStim'>, autoLog=True, color=array([1., 1., 1.]), colorSpace='rgb', contrast=1.0, depth=-7.0, flipHoriz=False, flipVert=False, image='L1.png', interpolate=True, mask=None, maskParams=None, name='trialL13', opacity=1.0, ori=0.0, pos=array([0., 0.]), size=array([0.1, 0.1]), texRes=128, units='height', win=Window(...))
15.2591 	EXP 	Created trialL14 = ImageStim(__class__=<class 'psychopy.visual.image.ImageStim'>, autoLog=True, color=array([1., 1., 1.]), colorSpace='rgb', contrast=1.0, depth=-8.0, flipHoriz=False, flipVert=False, image='L1.png', interpolate=True, mask=None, maskParams=None, name='trialL14', opacity=1.0, ori=0.0, pos=array([0., 0.]), size=array([0.1, 0.1]), texRes=128, units='height', win=Window(...))
15.2678 	EXP 	Created trialL23 = ImageStim(__class__=<class 'psychopy.visual.image.ImageStim'>, autoLog=True, color=array([1., 1., 1.]), colorSpace='rgb', contrast=1.0, depth=-9.0, flipHoriz=False, flipVert=False, image='L1.png', interpolate=True, mask=None, maskParams=None, name='trialL23', opacity=1.0, ori=0.0, pos=array([0., 0.]), size=array([0.1, 0.1]), texRes=128, units='height', win=Window(...))
15.2762 	EXP 	Created trialL24 = ImageStim(__class__=<class 'psychopy.visual.image.ImageStim'>, autoLog=True, color=array([1., 1., 1.]), colorSpace='rgb', contrast=1.0, depth=-10.0, flipHoriz=False, flipVert=False, image='L2.png', interpolate=True, mask=None, maskParams=None, name='trialL24', opacity=1.0, ori=0.0, pos=array([0., 0.]), size=array([0.1, 0.1]), texRes=128, units='height', win=Window(...))
15.2862 	EXP 	Created trialT13 = ImageStim(__class__=<class 'psychopy.visual.image.ImageStim'>, autoLog=True, color=array([1., 1., 1.]), colorSpace='rgb', contrast=1.0, depth=-11.0, flipHoriz=False, flipVert=False, image='T1.png', interpolate=True, mask=None, maskParams=None, name='trialT13', opacity=1.0, ori=0.0, pos=array([0., 0.]), size=array([0.1, 0.1]), texRes=128, units='height', win=Window(...))
15.2959 	EXP 	Created trialT14 = ImageStim(__class__=<class 'psychopy.visual.image.ImageStim'>, autoLog=True, color=array([1., 1., 1.]), colorSpace='rgb', contrast=1.0, depth=-12.0, flipHoriz=False, flipVert=False, image='T1.png', interpolate=True, mask=None, maskParams=None, name='trialT14', opacity=1.0, ori=0.0, pos=array([0., 0.]), size=array([0.1, 0.1]), texRes=128, units='height', win=Window(...))
15.3041 	EXP 	Created trialL15 = ImageStim(__class__=<class 'psychopy.visual.image.ImageStim'>, autoLog=True, color=array([1., 1., 1.]), colorSpace='rgb', contrast=1.0, depth=-13.0, flipHoriz=False, flipVert=False, image='L1.png', interpolate=True, mask=None, maskParams=None, name='trialL15', opacity=1.0, ori=0.0, pos=array([0., 0.]), size=array([0.1, 0.1]), texRes=128, units='height', win=Window(...))
15.3126 	EXP 	Created trialL16 = ImageStim(__class__=<class 'psychopy.visual.image.ImageStim'>, autoLog=True, color=array([1., 1., 1.]), colorSpace='rgb', contrast=1.0, depth=-14.0, flipHoriz=False, flipVert=False, image='L1.png', interpolate=True, mask=None, maskParams=None, name='trialL16', opacity=1.0, ori=0.0, pos=array([0., 0.]), size=array([0.1, 0.1]), texRes=128, units='height', win=Window(...))
15.3207 	EXP 	Created trialL25 = ImageStim(__class__=<class 'psychopy.visual.image.ImageStim'>, autoLog=True, color=array([1., 1., 1.]), colorSpace='rgb', contrast=1.0, depth=-15.0, flipHoriz=False, flipVert=False, image='L2.png', interpolate=True, mask=None, maskParams=None, name='trialL25', opacity=1.0, ori=0.0, pos=array([0., 0.]), size=array([0.1, 0.1]), texRes=128, units='height', win=Window(...))
15.3291 	EXP 	Created trialL26 = ImageStim(__class__=<class 'psychopy.visual.image.ImageStim'>, autoLog=True, color=array([1., 1., 1.]), colorSpace='rgb', contrast=1.0, depth=-16.0, flipHoriz=False, flipVert=False, image='L2.png', interpolate=True, mask=None, maskParams=None, name='trialL26', opacity=1.0, ori=0.0, pos=array([0., 0.]), size=array([0.1, 0.1]), texRes=128, units='height', win=Window(...))
15.3388 	EXP 	Created trialT15 = ImageStim(__class__=<class 'psychopy.visual.image.ImageStim'>, autoLog=True, color=array([1., 1., 1.]), colorSpace='rgb', contrast=1.0, depth=-17.0, flipHoriz=False, flipVert=False, image='T1.png', interpolate=True, mask=None, maskParams=None, name='trialT15', opacity=1.0, ori=0.0, pos=array([0., 0.]), size=array([0.1, 0.1]), texRes=128, units='height', win=Window(...))
15.3487 	EXP 	Created trialT16 = ImageStim(__class__=<class 'psychopy.visual.image.ImageStim'>, autoLog=True, color=array([1., 1., 1.]), colorSpace='rgb', contrast=1.0, depth=-18.0, flipHoriz=False, flipVert=False, image='T1.png', interpolate=True, mask=None, maskParams=None, name='trialT16', opacity=1.0, ori=0.0, pos=array([0., 0.]), size=array([0.1, 0.1]), texRes=128, units='height', win=Window(...))
15.3585 	EXP 	Created trialTT = ImageStim(__class__=<class 'psychopy.visual.image.ImageStim'>, autoLog=True, color=array([1., 1., 1.]), colorSpace='rgb', contrast=1.0, depth=-19.0, flipHoriz=False, flipVert=False, image='TT.png', interpolate=True, mask=None, maskParams=None, name='trialTT', opacity=1.0, ori=0.0, pos=array([0., 0.]), size=array([0.1, 0.1]), texRes=128, units='height', win=Window(...))
15.3903 	EXP 	Created breakText1 = TextStim(__class__=<class 'psychopy.visual.text.TextStim'>, alignHoriz=method-wrapper(...), alignText='center', alignVert=method-wrapper(...), anchorHoriz='center', anchorVert='center', antialias=True, autoLog=True, bold=False, color='white', colorSpace='named', contrast=1.0, depth=0.0, flipHoriz=False, flipVert=False, font='Arial', fontFiles=[], height=0.05, italic=False, languageStyle='LTR', name='breakText1', opacity=1.0, ori=0, pos=array([0., 0.]), rgb=array([255., 255., 255.]), text=str(...), units='height', win=Window(...), wrapWidth=1)
15.3937 	EXP 	Created trialFix = TextStim(__class__=<class 'psychopy.visual.text.TextStim'>, alignHoriz=method-wrapper(...), alignText='center', alignVert=method-wrapper(...), anchorHoriz='center', anchorVert='center', antialias=True, autoLog=True, bold=False, color='white', colorSpace='named', contrast=1.0, depth=0.0, flipHoriz=False, flipVert=False, font='Arial', fontFiles=[], height=0.05, italic=False, languageStyle='LTR', name='trialFix', opacity=1.0, ori=0, pos=array([0., 0.]), rgb=array([255., 255., 255.]), text='+', units='height', win=Window(...), wrapWidth=1)
15.4024 	EXP 	Created trialL11 = ImageStim(__class__=<class 'psychopy.visual.image.ImageStim'>, autoLog=True, color=array([1., 1., 1.]), colorSpace='rgb', contrast=1.0, depth=-1.0, flipHoriz=False, flipVert=False, image='L1.png', interpolate=True, mask=None, maskParams=None, name='trialL11', opacity=1.0, ori=0.0, pos=array([0., 0.]), size=array([0.1, 0.1]), texRes=128, units='height', win=Window(...))
15.4111 	EXP 	Created trialL12 = ImageStim(__class__=<class 'psychopy.visual.image.ImageStim'>, autoLog=True, color=array([1., 1., 1.]), colorSpace='rgb', contrast=1.0, depth=-2.0, flipHoriz=False, flipVert=False, image='L1.png', interpolate=True, mask=None, maskParams=None, name='trialL12', opacity=1.0, ori=0.0, pos=array([0., 0.]), size=array([0.1, 0.1]), texRes=128, units='height', win=Window(...))
15.4197 	EXP 	Created trialL21 = ImageStim(__class__=<class 'psychopy.visual.image.ImageStim'>, autoLog=True, color=array([1., 1., 1.]), colorSpace='rgb', contrast=1.0, depth=-3.0, flipHoriz=False, flipVert=False, image='L2.png', interpolate=True, mask=None, maskParams=None, name='trialL21', opacity=1.0, ori=0.0, pos=array([0., 0.]), size=array([0.1, 0.1]), texRes=128, units='height', win=Window(...))
15.4280 	EXP 	Created trialL22 = ImageStim(__class__=<class 'psychopy.visual.image.ImageStim'>, autoLog=True, color=array([1., 1., 1.]), colorSpace='rgb', contrast=1.0, depth=-4.0, flipHoriz=False, flipVert=False, image='L2.png', interpolate=True, mask=None, maskParams=None, name='trialL22', opacity=1.0, ori=0.0, pos=array([0., 0.]), size=array([0.1, 0.1]), texRes=128, units='height', win=Window(...))
15.4380 	EXP 	Created trialT11 = ImageStim(__class__=<class 'psychopy.visual.image.ImageStim'>, autoLog=True, color=array([1., 1., 1.]), colorSpace='rgb', contrast=1.0, depth=-5.0, flipHoriz=False, flipVert=False, image='T1.png', interpolate=True, mask=None, maskParams=None, name='trialT11', opacity=1.0, ori=0.0, pos=array([0., 0.]), size=array([0.1, 0.1]), texRes=128, units='height', win=Window(...))
15.4481 	EXP 	Created trialT12 = ImageStim(__class__=<class 'psychopy.visual.image.ImageStim'>, autoLog=True, color=array([1., 1., 1.]), colorSpace='rgb', contrast=1.0, depth=-6.0, flipHoriz=False, flipVert=False, image='T1.png', interpolate=True, mask=None, maskParams=None, name='trialT12', opacity=1.0, ori=0.0, pos=array([0., 0.]), size=array([0.1, 0.1]), texRes=128, units='height', win=Window(...))
15.4565 	EXP 	Created trialL13 = ImageStim(__class__=<class 'psychopy.visual.image.ImageStim'>, autoLog=True, color=array([1., 1., 1.]), colorSpace='rgb', contrast=1.0, depth=-7.0, flipHoriz=False, flipVert=False, image='L1.png', interpolate=True, mask=None, maskParams=None, name='trialL13', opacity=1.0, ori=0.0, pos=array([0., 0.]), size=array([0.1, 0.1]), texRes=128, units='height', win=Window(...))
15.4649 	EXP 	Created trialL14 = ImageStim(__class__=<class 'psychopy.visual.image.ImageStim'>, autoLog=True, color=array([1., 1., 1.]), colorSpace='rgb', contrast=1.0, depth=-8.0, flipHoriz=False, flipVert=False, image='L1.png', interpolate=True, mask=None, maskParams=None, name='trialL14', opacity=1.0, ori=0.0, pos=array([0., 0.]), size=array([0.1, 0.1]), texRes=128, units='height', win=Window(...))
15.4735 	EXP 	Created trialL23 = ImageStim(__class__=<class 'psychopy.visual.image.ImageStim'>, autoLog=True, color=array([1., 1., 1.]), colorSpace='rgb', contrast=1.0, depth=-9.0, flipHoriz=False, flipVert=False, image='L1.png', interpolate=True, mask=None, maskParams=None, name='trialL23', opacity=1.0, ori=0.0, pos=array([0., 0.]), size=array([0.1, 0.1]), texRes=128, units='height', win=Window(...))
15.4819 	EXP 	Created trialL24 = ImageStim(__class__=<class 'psychopy.visual.image.ImageStim'>, autoLog=True, color=array([1., 1., 1.]), colorSpace='rgb', contrast=1.0, depth=-10.0, flipHoriz=False, flipVert=False, image='L2.png', interpolate=True, mask=None, maskParams=None, name='trialL24', opacity=1.0, ori=0.0, pos=array([0., 0.]), size=array([0.1, 0.1]), texRes=128, units='height', win=Window(...))
15.4917 	EXP 	Created trialT13 = ImageStim(__class__=<class 'psychopy.visual.image.ImageStim'>, autoLog=True, color=array([1., 1., 1.]), colorSpace='rgb', contrast=1.0, depth=-11.0, flipHoriz=False, flipVert=False, image='T1.png', interpolate=True, mask=None, maskParams=None, name='trialT13', opacity=1.0, ori=0.0, pos=array([0., 0.]), size=array([0.1, 0.1]), texRes=128, units='height', win=Window(...))
15.5015 	EXP 	Created trialT14 = ImageStim(__class__=<class 'psychopy.visual.image.ImageStim'>, autoLog=True, color=array([1., 1., 1.]), colorSpace='rgb', contrast=1.0, depth=-12.0, flipHoriz=False, flipVert=False, image='T1.png', interpolate=True, mask=None, maskParams=None, name='trialT14', opacity=1.0, ori=0.0, pos=array([0., 0.]), size=array([0.1, 0.1]), texRes=128, units='height', win=Window(...))
15.5096 	EXP 	Created trialL15 = ImageStim(__class__=<class 'psychopy.visual.image.ImageStim'>, autoLog=True, color=array([1., 1., 1.]), colorSpace='rgb', contrast=1.0, depth=-13.0, flipHoriz=False, flipVert=False, image='L1.png', interpolate=True, mask=None, maskParams=None, name='trialL15', opacity=1.0, ori=0.0, pos=array([0., 0.]), size=array([0.1, 0.1]), texRes=128, units='height', win=Window(...))
15.5179 	EXP 	Created trialL16 = ImageStim(__class__=<class 'psychopy.visual.image.ImageStim'>, autoLog=True, color=array([1., 1., 1.]), colorSpace='rgb', contrast=1.0, depth=-14.0, flipHoriz=False, flipVert=False, image='L1.png', interpolate=True, mask=None, maskParams=None, name='trialL16', opacity=1.0, ori=0.0, pos=array([0., 0.]), size=array([0.1, 0.1]), texRes=128, units='height', win=Window(...))
15.5261 	EXP 	Created trialL25 = ImageStim(__class__=<class 'psychopy.visual.image.ImageStim'>, autoLog=True, color=array([1., 1., 1.]), colorSpace='rgb', contrast=1.0, depth=-15.0, flipHoriz=False, flipVert=False, image='L2.png', interpolate=True, mask=None, maskParams=None, name='trialL25', opacity=1.0, ori=0.0, pos=array([0., 0.]), size=array([0.1, 0.1]), texRes=128, units='height', win=Window(...))
15.5344 	EXP 	Created trialL26 = ImageStim(__class__=<class 'psychopy.visual.image.ImageStim'>, autoLog=True, color=array([1., 1., 1.]), colorSpace='rgb', contrast=1.0, depth=-16.0, flipHoriz=False, flipVert=False, image='L2.png', interpolate=True, mask=None, maskParams=None, name='trialL26', opacity=1.0, ori=0.0, pos=array([0., 0.]), size=array([0.1, 0.1]), texRes=128, units='height', win=Window(...))
15.5442 	EXP 	Created trialT15 = ImageStim(__class__=<class 'psychopy.visual.image.ImageStim'>, autoLog=True, color=array([1., 1., 1.]), colorSpace='rgb', contrast=1.0, depth=-17.0, flipHoriz=False, flipVert=False, image='T1.png', interpolate=True, mask=None, maskParams=None, name='trialT15', opacity=1.0, ori=0.0, pos=array([0., 0.]), size=array([0.1, 0.1]), texRes=128, units='height', win=Window(...))
15.5540 	EXP 	Created trialT16 = ImageStim(__class__=<class 'psychopy.visual.image.ImageStim'>, autoLog=True, color=array([1., 1., 1.]), colorSpace='rgb', contrast=1.0, depth=-18.0, flipHoriz=False, flipVert=False, image='T1.png', interpolate=True, mask=None, maskParams=None, name='trialT16', opacity=1.0, ori=0.0, pos=array([0., 0.]), size=array([0.1, 0.1]), texRes=128, units='height', win=Window(...))
15.5637 	EXP 	Created trialTT = ImageStim(__class__=<class 'psychopy.visual.image.ImageStim'>, autoLog=True, color=array([1., 1., 1.]), colorSpace='rgb', contrast=1.0, depth=-19.0, flipHoriz=False, flipVert=False, image='TT.png', interpolate=True, mask=None, maskParams=None, name='trialTT', opacity=1.0, ori=0.0, pos=array([0., 0.]), size=array([0.1, 0.1]), texRes=128, units='height', win=Window(...))
15.5855 	EXP 	Created breakText2 = TextStim(__class__=<class 'psychopy.visual.text.TextStim'>, alignHoriz=method-wrapper(...), alignText='center', alignVert=method-wrapper(...), anchorHoriz='center', anchorVert='center', antialias=True, autoLog=True, bold=False, color='white', colorSpace='named', contrast=1.0, depth=0.0, flipHoriz=False, flipVert=False, font='Arial', fontFiles=[], height=0.05, italic=False, languageStyle='LTR', name='breakText2', opacity=1.0, ori=0, pos=array([0., 0.]), rgb=array([255., 255., 255.]), text=str(...), units='height', win=Window(...), wrapWidth=1)
15.5887 	EXP 	Created trialFix = TextStim(__class__=<class 'psychopy.visual.text.TextStim'>, alignHoriz=method-wrapper(...), alignText='center', alignVert=method-wrapper(...), anchorHoriz='center', anchorVert='center', antialias=True, autoLog=True, bold=False, color='white', colorSpace='named', contrast=1.0, depth=0.0, flipHoriz=False, flipVert=False, font='Arial', fontFiles=[], height=0.05, italic=False, languageStyle='LTR', name='trialFix', opacity=1.0, ori=0, pos=array([0., 0.]), rgb=array([255., 255., 255.]), text='+', units='height', win=Window(...), wrapWidth=1)
15.5971 	EXP 	Created trialL11 = ImageStim(__class__=<class 'psychopy.visual.image.ImageStim'>, autoLog=True, color=array([1., 1., 1.]), colorSpace='rgb', contrast=1.0, depth=-1.0, flipHoriz=False, flipVert=False, image='L1.png', interpolate=True, mask=None, maskParams=None, name='trialL11', opacity=1.0, ori=0.0, pos=array([0., 0.]), size=array([0.1, 0.1]), texRes=128, units='height', win=Window(...))
15.6055 	EXP 	Created trialL12 = ImageStim(__class__=<class 'psychopy.visual.image.ImageStim'>, autoLog=True, color=array([1., 1., 1.]), colorSpace='rgb', contrast=1.0, depth=-2.0, flipHoriz=False, flipVert=False, image='L1.png', interpolate=True, mask=None, maskParams=None, name='trialL12', opacity=1.0, ori=0.0, pos=array([0., 0.]), size=array([0.1, 0.1]), texRes=128, units='height', win=Window(...))
15.6140 	EXP 	Created trialL21 = ImageStim(__class__=<class 'psychopy.visual.image.ImageStim'>, autoLog=True, color=array([1., 1., 1.]), colorSpace='rgb', contrast=1.0, depth=-3.0, flipHoriz=False, flipVert=False, image='L2.png', interpolate=True, mask=None, maskParams=None, name='trialL21', opacity=1.0, ori=0.0, pos=array([0., 0.]), size=array([0.1, 0.1]), texRes=128, units='height', win=Window(...))
15.6223 	EXP 	Created trialL22 = ImageStim(__class__=<class 'psychopy.visual.image.ImageStim'>, autoLog=True, color=array([1., 1., 1.]), colorSpace='rgb', contrast=1.0, depth=-4.0, flipHoriz=False, flipVert=False, image='L2.png', interpolate=True, mask=None, maskParams=None, name='trialL22', opacity=1.0, ori=0.0, pos=array([0., 0.]), size=array([0.1, 0.1]), texRes=128, units='height', win=Window(...))
15.6323 	EXP 	Created trialT11 = ImageStim(__class__=<class 'psychopy.visual.image.ImageStim'>, autoLog=True, color=array([1., 1., 1.]), colorSpace='rgb', contrast=1.0, depth=-5.0, flipHoriz=False, flipVert=False, image='T1.png', interpolate=True, mask=None, maskParams=None, name='trialT11', opacity=1.0, ori=0.0, pos=array([0., 0.]), size=array([0.1, 0.1]), texRes=128, units='height', win=Window(...))
15.6422 	EXP 	Created trialT12 = ImageStim(__class__=<class 'psychopy.visual.image.ImageStim'>, autoLog=True, color=array([1., 1., 1.]), colorSpace='rgb', contrast=1.0, depth=-6.0, flipHoriz=False, flipVert=False, image='T1.png', interpolate=True, mask=None, maskParams=None, name='trialT12', opacity=1.0, ori=0.0, pos=array([0., 0.]), size=array([0.1, 0.1]), texRes=128, units='height', win=Window(...))
15.6505 	EXP 	Created trialL13 = ImageStim(__class__=<class 'psychopy.visual.image.ImageStim'>, autoLog=True, color=array([1., 1., 1.]), colorSpace='rgb', contrast=1.0, depth=-7.0, flipHoriz=False, flipVert=False, image='L1.png', interpolate=True, mask=None, maskParams=None, name='trialL13', opacity=1.0, ori=0.0, pos=array([0., 0.]), size=array([0.1, 0.1]), texRes=128, units='height', win=Window(...))
15.6588 	EXP 	Created trialL14 = ImageStim(__class__=<class 'psychopy.visual.image.ImageStim'>, autoLog=True, color=array([1., 1., 1.]), colorSpace='rgb', contrast=1.0, depth=-8.0, flipHoriz=False, flipVert=False, image='L1.png', interpolate=True, mask=None, maskParams=None, name='trialL14', opacity=1.0, ori=0.0, pos=array([0., 0.]), size=array([0.1, 0.1]), texRes=128, units='height', win=Window(...))
15.6673 	EXP 	Created trialL23 = ImageStim(__class__=<class 'psychopy.visual.image.ImageStim'>, autoLog=True, color=array([1., 1., 1.]), colorSpace='rgb', contrast=1.0, depth=-9.0, flipHoriz=False, flipVert=False, image='L1.png', interpolate=True, mask=None, maskParams=None, name='trialL23', opacity=1.0, ori=0.0, pos=array([0., 0.]), size=array([0.1, 0.1]), texRes=128, units='height', win=Window(...))
15.6756 	EXP 	Created trialL24 = ImageStim(__class__=<class 'psychopy.visual.image.ImageStim'>, autoLog=True, color=array([1., 1., 1.]), colorSpace='rgb', contrast=1.0, depth=-10.0, flipHoriz=False, flipVert=False, image='L2.png', interpolate=True, mask=None, maskParams=None, name='trialL24', opacity=1.0, ori=0.0, pos=array([0., 0.]), size=array([0.1, 0.1]), texRes=128, units='height', win=Window(...))
15.6853 	EXP 	Created trialT13 = ImageStim(__class__=<class 'psychopy.visual.image.ImageStim'>, autoLog=True, color=array([1., 1., 1.]), colorSpace='rgb', contrast=1.0, depth=-11.0, flipHoriz=False, flipVert=False, image='T1.png', interpolate=True, mask=None, maskParams=None, name='trialT13', opacity=1.0, ori=0.0, pos=array([0., 0.]), size=array([0.1, 0.1]), texRes=128, units='height', win=Window(...))
15.6950 	EXP 	Created trialT14 = ImageStim(__class__=<class 'psychopy.visual.image.ImageStim'>, autoLog=True, color=array([1., 1., 1.]), colorSpace='rgb', contrast=1.0, depth=-12.0, flipHoriz=False, flipVert=False, image='T1.png', interpolate=True, mask=None, maskParams=None, name='trialT14', opacity=1.0, ori=0.0, pos=array([0., 0.]), size=array([0.1, 0.1]), texRes=128, units='height', win=Window(...))
15.7034 	EXP 	Created trialL15 = ImageStim(__class__=<class 'psychopy.visual.image.ImageStim'>, autoLog=True, color=array([1., 1., 1.]), colorSpace='rgb', contrast=1.0, depth=-13.0, flipHoriz=False, flipVert=False, image='L1.png', interpolate=True, mask=None, maskParams=None, name='trialL15', opacity=1.0, ori=0.0, pos=array([0., 0.]), size=array([0.1, 0.1]), texRes=128, units='height', win=Window(...))
15.7115 	EXP 	Created trialL16 = ImageStim(__class__=<class 'psychopy.visual.image.ImageStim'>, autoLog=True, color=array([1., 1., 1.]), colorSpace='rgb', contrast=1.0, depth=-14.0, flipHoriz=False, flipVert=False, image='L1.png', interpolate=True, mask=None, maskParams=None, name='trialL16', opacity=1.0, ori=0.0, pos=array([0., 0.]), size=array([0.1, 0.1]), texRes=128, units='height', win=Window(...))
15.7200 	EXP 	Created trialL25 = ImageStim(__class__=<class 'psychopy.visual.image.ImageStim'>, autoLog=True, color=array([1., 1., 1.]), colorSpace='rgb', contrast=1.0, depth=-15.0, flipHoriz=False, flipVert=False, image='L2.png', interpolate=True, mask=None, maskParams=None, name='trialL25', opacity=1.0, ori=0.0, pos=array([0., 0.]), size=array([0.1, 0.1]), texRes=128, units='height', win=Window(...))
15.7283 	EXP 	Created trialL26 = ImageStim(__class__=<class 'psychopy.visual.image.ImageStim'>, autoLog=True, color=array([1., 1., 1.]), colorSpace='rgb', contrast=1.0, depth=-16.0, flipHoriz=False, flipVert=False, image='L2.png', interpolate=True, mask=None, maskParams=None, name='trialL26', opacity=1.0, ori=0.0, pos=array([0., 0.]), size=array([0.1, 0.1]), texRes=128, units='height', win=Window(...))
15.7385 	EXP 	Created trialT15 = ImageStim(__class__=<class 'psychopy.visual.image.ImageStim'>, autoLog=True, color=array([1., 1., 1.]), colorSpace='rgb', contrast=1.0, depth=-17.0, flipHoriz=False, flipVert=False, image='T1.png', interpolate=True, mask=None, maskParams=None, name='trialT15', opacity=1.0, ori=0.0, pos=array([0., 0.]), size=array([0.1, 0.1]), texRes=128, units='height', win=Window(...))
15.7488 	EXP 	Created trialT16 = ImageStim(__class__=<class 'psychopy.visual.image.ImageStim'>, autoLog=True, color=array([1., 1., 1.]), colorSpace='rgb', contrast=1.0, depth=-18.0, flipHoriz=False, flipVert=False, image='T1.png', interpolate=True, mask=None, maskParams=None, name='trialT16', opacity=1.0, ori=0.0, pos=array([0., 0.]), size=array([0.1, 0.1]), texRes=128, units='height', win=Window(...))
15.7589 	EXP 	Created trialTT = ImageStim(__class__=<class 'psychopy.visual.image.ImageStim'>, autoLog=True, color=array([1., 1., 1.]), colorSpace='rgb', contrast=1.0, depth=-19.0, flipHoriz=False, flipVert=False, image='TT.png', interpolate=True, mask=None, maskParams=None, name='trialTT', opacity=1.0, ori=0.0, pos=array([0., 0.]), size=array([0.1, 0.1]), texRes=128, units='height', win=Window(...))
15.7846 	EXP 	Created thanks = TextStim(__class__=<class 'psychopy.visual.text.TextStim'>, alignHoriz=method-wrapper(...), alignText='center', alignVert=method-wrapper(...), anchorHoriz='center', anchorVert='center', antialias=True, autoLog=True, bold=False, color='white', colorSpace='named', contrast=1.0, depth=0.0, flipHoriz=False, flipVert=False, font='Arial', fontFiles=[], height=0.05, italic=False, languageStyle='LTR', name='thanks', opacity=1.0, ori=0, pos=array([0., 0.]), rgb=array([255., 255., 255.]), text=str(...), units='height', win=Window(...), wrapWidth=1)
15.8292 	EXP 	instr1: autoDraw = True
15.8292 	EXP 	l1ex: autoDraw = True
15.8292 	EXP 	l2ex: autoDraw = True
15.8292 	EXP 	t1ex: autoDraw = True
15.8292 	EXP 	tTex: autoDraw = True
19.1338 	DATA 	Keypress: space
19.2627 	EXP 	Imported vSearchCond1.xlsx as conditions, 40 conditions, 41 params
19.2633 	EXP 	Created sequence: sequential, trialTypes=40, nReps=1, seed=None
19.2648 	EXP 	New trial (rep=0, index=0): OrderedDict([('loc1', -0.2), ('loc2', -0.2), ('loc3', -0.4), ('loc4', 0.4), ('loc5', -0.4), ('loc6', 0.0), ('loc7', 0.4), ('loc8', 0.2), ('loc9', -0.4), ('loc10', -0.4), ('loc11', 0.4), ('loc12', -0.2), ('loc13', 0.4), ('loc14', 0.4), ('loc15', 0.2), ('loc16', 0.4), ('loc17', 0.0), ('loc18', 0.2), ('loc19', 0.2), ('loc20', 0.0), ('loc21', 0.2), ('loc22', -0.4), ('loc23', -0.2), ('loc24', 0.4), ('loc25', 0.0), ('loc26', -0.4), ('loc27', -0.2), ('loc28', 0.2), ('loc29', 0.2), ('loc30', 0.2), ('loc31', -0.2), ('loc32', 0.0), ('loc33', 0.2), ('loc34', -0.2), ('loc35', 0.4), ('loc36', -0.4), ('loc37', None), ('loc38', None), ('corrAns', 'k'), ('trialsNum', 1), ('trialNum', 1)])
19.2808 	EXP 	instr1: autoDraw = False
19.2808 	EXP 	l1ex: autoDraw = False
19.2808 	EXP 	l2ex: autoDraw = False
19.2808 	EXP 	t1ex: autoDraw = False
19.2808 	EXP 	tTex: autoDraw = False
19.2808 	EXP 	trialL11: pos = array([-0.2, -0.2])
19.2808 	EXP 	trialL12: pos = array([-0.4,  0.4])
19.2808 	EXP 	trialL21: pos = array([-0.4,  0. ])
19.2808 	EXP 	trialL22: pos = array([0.4, 0.2])
19.2808 	EXP 	trialT11: pos = array([-0.4, -0.4])
19.2808 	EXP 	trialT12: pos = array([ 0.4, -0.2])
19.2808 	EXP 	trialL13: pos = array([0.4, 0.4])
19.2808 	EXP 	trialL14: pos = array([0.2, 0.4])
19.2808 	EXP 	trialL23: pos = array([0. , 0.2])
19.2808 	EXP 	trialL24: pos = array([0.2, 0. ])
19.2808 	EXP 	trialT13: pos = array([ 0.2, -0.4])
19.2808 	EXP 	trialT14: pos = array([-0.2,  0.4])
19.2808 	EXP 	trialL15: pos = array([ 0. , -0.4])
19.2808 	EXP 	trialL16: pos = array([-0.2,  0.2])
19.2808 	EXP 	trialL25: pos = array([0.2, 0.2])
19.2808 	EXP 	trialL26: pos = array([-0.2,  0. ])
19.2808 	EXP 	trialT15: pos = array([ 0.2, -0.2])
19.2808 	EXP 	trialT16: pos = array([ 0.4, -0.4])
19.2808 	EXP 	trialTT: pos = array([nan, nan])
19.2808 	EXP 	trialFix: autoDraw = True
20.2817 	EXP 	trialL11: autoDraw = True
20.2817 	EXP 	trialL12: autoDraw = True
20.2817 	EXP 	trialL21: autoDraw = True
20.2817 	EXP 	trialL22: autoDraw = True
20.2817 	EXP 	trialT11: autoDraw = True
20.2817 	EXP 	trialT12: autoDraw = True
20.2817 	EXP 	trialL13: autoDraw = True
20.2817 	EXP 	trialL14: autoDraw = True
20.2817 	EXP 	trialL23: autoDraw = True
20.2817 	EXP 	trialL24: autoDraw = True
20.2817 	EXP 	trialT13: autoDraw = True
20.2817 	EXP 	trialT14: autoDraw = True
20.2817 	EXP 	trialL15: autoDraw = True
20.2817 	EXP 	trialL16: autoDraw = True
20.2817 	EXP 	trialL25: autoDraw = True
20.2817 	EXP 	trialL26: autoDraw = True
20.2817 	EXP 	trialT15: autoDraw = True
20.2817 	EXP 	trialT16: autoDraw = True
20.2817 	EXP 	trialTT: autoDraw = True
20.2989 	EXP 	trialFix: autoDraw = False
22.1166 	DATA 	Keypress: s
22.1453 	EXP 	New trial (rep=0, index=1): OrderedDict([('loc1', 0.4), ('loc2', 0.0), ('loc3', -0.2), ('loc4', 0.2), ('loc5', -0.4), ('loc6', 0.0), ('loc7', -0.4), ('loc8', -0.2), ('loc9', 0.4), ('loc10', 0.2), ('loc11', 0.0), ('loc12', 0.2), ('loc13', -0.4), ('loc14', 0.4), ('loc15', -0.4), ('loc16', 0.2), ('loc17', -0.2), ('loc18', 0.0), ('loc19', -0.2), ('loc20', -0.2), ('loc21', -0.2), ('loc22', -0.4), ('loc23', 0.0), ('loc24', -0.2), ('loc25', None), ('loc26', None), ('loc27', None), ('loc28', None), ('loc29', None), ('loc30', None), ('loc31', None), ('loc32', None), ('loc33', None), ('loc34', None), ('loc35', None), ('loc36', None), ('loc37', None), ('loc38', None), ('corrAns', 'k'), ('trialsNum', 1), ('trialNum', 2)])
22.1589 	EXP 	trialFix: autoDraw = False
22.1589 	EXP 	trialL11: autoDraw = False
22.1589 	EXP 	trialL12: autoDraw = False
22.1589 	EXP 	trialL21: autoDraw = False
22.1589 	EXP 	trialL22: autoDraw = False
22.1589 	EXP 	trialT11: autoDraw = False
22.1589 	EXP 	trialT12: autoDraw = False
22.1589 	EXP 	trialL13: autoDraw = False
22.1589 	EXP 	trialL14: autoDraw = False
22.1589 	EXP 	trialL23: autoDraw = False
22.1589 	EXP 	trialL24: autoDraw = False
22.1589 	EXP 	trialT13: autoDraw = False
22.1589 	EXP 	trialT14: autoDraw = False
22.1589 	EXP 	trialL15: autoDraw = False
22.1589 	EXP 	trialL16: autoDraw = False
22.1589 	EXP 	trialL25: autoDraw = False
22.1589 	EXP 	trialL26: autoDraw = False
22.1589 	EXP 	trialT15: autoDraw = False
22.1589 	EXP 	trialT16: autoDraw = False
22.1589 	EXP 	trialTT: autoDraw = False
22.1589 	EXP 	trialL11: pos = array([0.4, 0. ])
22.1589 	EXP 	trialL12: pos = array([-0.2,  0.2])
22.1589 	EXP 	trialL21: pos = array([-0.4,  0. ])
22.1589 	EXP 	trialL22: pos = array([-0.4, -0.2])
22.1589 	EXP 	trialT11: pos = array([0.4, 0.2])
22.1589 	EXP 	trialT12: pos = array([0. , 0.2])
22.1589 	EXP 	trialL13: pos = array([-0.4,  0.4])
22.1589 	EXP 	trialL14: pos = array([-0.4,  0.2])
22.1589 	EXP 	trialL23: pos = array([-0.2,  0. ])
22.1589 	EXP 	trialL24: pos = array([-0.2, -0.2])
22.1589 	EXP 	trialT13: pos = array([-0.2, -0.4])
22.1589 	EXP 	trialT14: pos = array([ 0. , -0.2])
22.1589 	EXP 	trialL15: pos = array([nan, nan])
22.1589 	EXP 	trialL16: pos = array([nan, nan])
22.1589 	EXP 	trialL25: pos = array([nan, nan])
22.1589 	EXP 	trialL26: pos = array([nan, nan])
22.1589 	EXP 	trialT15: pos = array([nan, nan])
22.1589 	EXP 	trialT16: pos = array([nan, nan])
22.1589 	EXP 	trialTT: pos = array([nan, nan])
22.1589 	EXP 	trialFix: autoDraw = True
23.1600 	EXP 	trialFix: autoDraw = False
23.1600 	EXP 	trialL11: autoDraw = True
23.1600 	EXP 	trialL12: autoDraw = True
23.1600 	EXP 	trialL21: autoDraw = True
23.1600 	EXP 	trialL22: autoDraw = True
23.1600 	EXP 	trialT11: autoDraw = True
23.1600 	EXP 	trialT12: autoDraw = True
23.1600 	EXP 	trialL13: autoDraw = True
23.1600 	EXP 	trialL14: autoDraw = True
23.1600 	EXP 	trialL23: autoDraw = True
23.1600 	EXP 	trialL24: autoDraw = True
23.1600 	EXP 	trialT13: autoDraw = True
23.1600 	EXP 	trialT14: autoDraw = True
23.1600 	EXP 	trialL15: autoDraw = True
23.1600 	EXP 	trialL16: autoDraw = True
23.1600 	EXP 	trialL25: autoDraw = True
23.1600 	EXP 	trialL26: autoDraw = True
23.1600 	EXP 	trialT15: autoDraw = True
23.1600 	EXP 	trialT16: autoDraw = True
23.1600 	EXP 	trialTT: autoDraw = True
26.4989 	DATA 	Keypress: escape
27.0423 	EXP 	window1: mouseVisible = True
